<?xml version="1.0" encoding="UTF-8"?>
<!-- Generated by org.testng.reporters.JUnitReportReporter -->
<testsuite skipped="0" hostname="Test2" name="com.CompanyMaster.TestBase" tests="5" failures="0" timestamp="14 Jun 2019 09:28:18 GMT" time="115.017" errors="0">
  <testcase name="LaunchWebsite" time="5.576" classname="com.CompanyMaster.TestBase"/>
  <testcase name="FillLoginDetails" time="1.147" classname="com.CompanyMaster.TestBase"/>
  <testcase name="DoLogin" time="3.613" classname="com.CompanyMaster.TestBase"/>
  <testcase name="FillCompanyMasterForm" time="97.503" classname="com.CompanyMaster.TestBase"/>
  <testcase name="Logout" time="7.178" classname="com.CompanyMaster.TestBase"/>
</testsuite> <!-- com.CompanyMaster.TestBase -->
